{"/home/yuriramos/projects/tarot-game/app/components/container/card/card.js": {"path":"/home/yuriramos/projects/tarot-game/app/components/container/card/card.js","statementMap":{"0":{"start":{"line":8,"column":2},"end":{"line":8,"column":15}},"1":{"start":{"line":9,"column":2},"end":{"line":11,"column":4}},"2":{"start":{"line":12,"column":2},"end":{"line":12,"column":49}},"3":{"start":{"line":13,"column":2},"end":{"line":13,"column":55}},"4":{"start":{"line":17,"column":2},"end":{"line":19,"column":3}},"5":{"start":{"line":18,"column":3},"end":{"line":18,"column":39}},"6":{"start":{"line":23,"column":34},"end":{"line":23,"column":44}},"7":{"start":{"line":24,"column":2},"end":{"line":26,"column":3}},"8":{"start":{"line":25,"column":3},"end":{"line":25,"column":22}},"9":{"start":{"line":28,"column":2},"end":{"line":30,"column":5}},"10":{"start":{"line":29,"column":3},"end":{"line":29,"column":25}},"11":{"start":{"line":34,"column":2},"end":{"line":36,"column":3}},"12":{"start":{"line":35,"column":3},"end":{"line":35,"column":23}},"13":{"start":{"line":40,"column":50},"end":{"line":40,"column":60}},"14":{"start":{"line":41,"column":2},"end":{"line":76,"column":4}},"15":{"start":{"line":56,"column":22},"end":{"line":56,"column":43}},"16":{"start":{"line":68,"column":22},"end":{"line":68,"column":43}},"17":{"start":{"line":83,"column":0},"end":{"line":90,"column":2}}},"fnMap":{"0":{"name":"(anonymous_0)","decl":{"start":{"line":7,"column":1},"end":{"line":7,"column":2}},"loc":{"start":{"line":7,"column":20},"end":{"line":14,"column":2}},"line":7},"1":{"name":"(anonymous_1)","decl":{"start":{"line":16,"column":1},"end":{"line":16,"column":2}},"loc":{"start":{"line":16,"column":38},"end":{"line":20,"column":2}},"line":16},"2":{"name":"(anonymous_2)","decl":{"start":{"line":22,"column":1},"end":{"line":22,"column":2}},"loc":{"start":{"line":22,"column":16},"end":{"line":31,"column":2}},"line":22},"3":{"name":"(anonymous_3)","decl":{"start":{"line":28,"column":54},"end":{"line":28,"column":55}},"loc":{"start":{"line":28,"column":60},"end":{"line":30,"column":3}},"line":28},"4":{"name":"(anonymous_4)","decl":{"start":{"line":33,"column":1},"end":{"line":33,"column":2}},"loc":{"start":{"line":33,"column":19},"end":{"line":37,"column":2}},"line":33},"5":{"name":"(anonymous_5)","decl":{"start":{"line":39,"column":1},"end":{"line":39,"column":2}},"loc":{"start":{"line":39,"column":10},"end":{"line":77,"column":2}},"line":39},"6":{"name":"(anonymous_6)","decl":{"start":{"line":56,"column":16},"end":{"line":56,"column":17}},"loc":{"start":{"line":56,"column":22},"end":{"line":56,"column":43}},"line":56},"7":{"name":"(anonymous_7)","decl":{"start":{"line":68,"column":16},"end":{"line":68,"column":17}},"loc":{"start":{"line":68,"column":22},"end":{"line":68,"column":43}},"line":68}},"branchMap":{"0":{"loc":{"start":{"line":17,"column":2},"end":{"line":19,"column":3}},"type":"if","locations":[{"start":{"line":17,"column":2},"end":{"line":19,"column":3}},{"start":{"line":17,"column":2},"end":{"line":19,"column":3}}],"line":17},"1":{"loc":{"start":{"line":24,"column":2},"end":{"line":26,"column":3}},"type":"if","locations":[{"start":{"line":24,"column":2},"end":{"line":26,"column":3}},{"start":{"line":24,"column":2},"end":{"line":26,"column":3}}],"line":24},"2":{"loc":{"start":{"line":34,"column":2},"end":{"line":36,"column":3}},"type":"if","locations":[{"start":{"line":34,"column":2},"end":{"line":36,"column":3}},{"start":{"line":34,"column":2},"end":{"line":36,"column":3}}],"line":34},"3":{"loc":{"start":{"line":50,"column":16},"end":{"line":52,"column":29}},"type":"cond-expr","locations":[{"start":{"line":51,"column":6},"end":{"line":51,"column":104}},{"start":{"line":52,"column":6},"end":{"line":52,"column":29}}],"line":50},"4":{"loc":{"start":{"line":58,"column":17},"end":{"line":58,"column":66}},"type":"cond-expr","locations":[{"start":{"line":58,"column":29},"end":{"line":58,"column":55}},{"start":{"line":58,"column":58},"end":{"line":58,"column":66}}],"line":58},"5":{"loc":{"start":{"line":63,"column":16},"end":{"line":64,"column":104}},"type":"cond-expr","locations":[{"start":{"line":63,"column":28},"end":{"line":63,"column":30}},{"start":{"line":64,"column":6},"end":{"line":64,"column":104}}],"line":63},"6":{"loc":{"start":{"line":70,"column":17},"end":{"line":70,"column":66}},"type":"cond-expr","locations":[{"start":{"line":70,"column":29},"end":{"line":70,"column":37}},{"start":{"line":70,"column":40},"end":{"line":70,"column":66}}],"line":70}},"s":{"0":0,"1":0,"2":0,"3":0,"4":0,"5":0,"6":0,"7":0,"8":0,"9":0,"10":0,"11":0,"12":0,"13":0,"14":0,"15":0,"16":0,"17":1},"f":{"0":0,"1":0,"2":0,"3":0,"4":0,"5":0,"6":0,"7":0},"b":{"0":[0,0],"1":[0,0],"2":[0,0],"3":[0,0],"4":[0,0],"5":[0,0],"6":[0,0]},"_coverageSchema":"332fd63041d2c1bcb487cc26dd0d5f7d97098a6c","hash":"e86c216b788dce0f2236f0bfd313b70e7b046f31"}
,"/home/yuriramos/projects/tarot-game/test/jestSetup.js": {"path":"/home/yuriramos/projects/tarot-game/test/jestSetup.js","statementMap":{"0":{"start":{"line":3,"column":0},"end":{"line":3,"column":25}},"1":{"start":{"line":4,"column":0},"end":{"line":4,"column":23}},"2":{"start":{"line":5,"column":0},"end":{"line":5,"column":21}},"3":{"start":{"line":8,"column":0},"end":{"line":10,"column":2}},"4":{"start":{"line":9,"column":3},"end":{"line":9,"column":28}}},"fnMap":{"0":{"name":"(anonymous_0)","decl":{"start":{"line":8,"column":16},"end":{"line":8,"column":17}},"loc":{"start":{"line":8,"column":27},"end":{"line":10,"column":1}},"line":8}},"branchMap":{},"s":{"0":3,"1":3,"2":3,"3":3,"4":0},"f":{"0":0},"b":{},"_coverageSchema":"332fd63041d2c1bcb487cc26dd0d5f7d97098a6c","hash":"b96c6676e6d63d465251af432799d7cbdb60f348"}
}
